<?xml version="1.0" encoding="UTF-8"?>
<testng-results ignored="0" total="6" passed="5" failed="1" skipped="0">
  <reporter-output>
  </reporter-output>
  <suite started-at="2020-08-02T21:47:29 NZST" name="Suite" finished-at="2020-08-02T21:50:13 NZST" duration-ms="163720">
    <groups>
    </groups>
    <test started-at="2020-08-02T21:47:29 NZST" name="Test" finished-at="2020-08-02T21:50:13 NZST" duration-ms="163720">
      <class name="xeroTest.BanksFeedTest">
        <test-method is-config="true" signature="launchApplication()[pri:0, instance:xeroTest.BanksFeedTest@79efed2d]" started-at="2020-08-02T21:47:29 NZST" name="launchApplication" finished-at="2020-08-02T21:47:37 NZST" duration-ms="7863" status="PASS">
          <reporter-output>
          </reporter-output>
        </test-method> <!-- launchApplication -->
        <test-method is-config="true" signature="beforeClass()[pri:0, instance:xeroTest.BanksFeedTest@79efed2d]" started-at="2020-08-02T21:47:37 NZST" name="beforeClass" finished-at="2020-08-02T21:47:48 NZST" duration-ms="10905" status="PASS">
          <reporter-output>
          </reporter-output>
        </test-method> <!-- beforeClass -->
        <test-method signature="testAddBank(java.lang.String, java.lang.String, java.lang.String, java.lang.String)[pri:0, instance:xeroTest.BanksFeedTest@79efed2d]" started-at="2020-08-02T21:47:48 NZST" name="testAddBank" data-provider="bankAccounts" finished-at="2020-08-02T21:48:06 NZST" duration-ms="17901" status="PASS">
          <params>
            <param index="0">
              <value>
                <![CDATA[B Hiremath]]>
              </value>
            </param>
            <param index="1">
              <value>
                <![CDATA[4323]]>
              </value>
            </param>
            <param index="2">
              <value>
                <![CDATA[Credit Card]]>
              </value>
            </param>
            <param index="3">
              <value>
                <![CDATA[NZD]]>
              </value>
            </param>
          </params>
          <reporter-output>
          </reporter-output>
        </test-method> <!-- testAddBank -->
        <test-method is-config="true" signature="afterTest()[pri:0, instance:xeroTest.BanksFeedTest@79efed2d]" started-at="2020-08-02T21:48:06 NZST" name="afterTest" finished-at="2020-08-02T21:48:15 NZST" duration-ms="9054" status="PASS">
          <reporter-output>
          </reporter-output>
        </test-method> <!-- afterTest -->
        <test-method signature="testAddBank(java.lang.String, java.lang.String, java.lang.String, java.lang.String)[pri:0, instance:xeroTest.BanksFeedTest@79efed2d]" started-at="2020-08-02T21:48:15 NZST" name="testAddBank" data-provider="bankAccounts" finished-at="2020-08-02T21:48:26 NZST" duration-ms="11314" status="PASS">
          <params>
            <param index="0">
              <value>
                <![CDATA[S Hiremath]]>
              </value>
            </param>
            <param index="1">
              <value>
                <![CDATA[12345678900987654321]]>
              </value>
            </param>
            <param index="2">
              <value>
                <![CDATA[Everyday (day-to-day)]]>
              </value>
            </param>
            <param index="3">
              <value>
                <![CDATA[NZD]]>
              </value>
            </param>
          </params>
          <reporter-output>
          </reporter-output>
        </test-method> <!-- testAddBank -->
        <test-method is-config="true" signature="afterTest()[pri:0, instance:xeroTest.BanksFeedTest@79efed2d]" started-at="2020-08-02T21:48:26 NZST" name="afterTest" finished-at="2020-08-02T21:48:33 NZST" duration-ms="7049" status="PASS">
          <reporter-output>
          </reporter-output>
        </test-method> <!-- afterTest -->
        <test-method signature="testAddBank(java.lang.String, java.lang.String, java.lang.String, java.lang.String)[pri:0, instance:xeroTest.BanksFeedTest@79efed2d]" started-at="2020-08-02T21:48:33 NZST" name="testAddBank" data-provider="bankAccounts" finished-at="2020-08-02T21:48:46 NZST" duration-ms="13043" status="PASS">
          <params>
            <param index="0">
              <value>
                <![CDATA[A Hiremath]]>
              </value>
            </param>
            <param index="1">
              <value>
                <![CDATA[12345678900987654322]]>
              </value>
            </param>
            <param index="2">
              <value>
                <![CDATA[Loan]]>
              </value>
            </param>
            <param index="3">
              <value>
                <![CDATA[NZD]]>
              </value>
            </param>
          </params>
          <reporter-output>
          </reporter-output>
        </test-method> <!-- testAddBank -->
        <test-method is-config="true" signature="afterTest()[pri:0, instance:xeroTest.BanksFeedTest@79efed2d]" started-at="2020-08-02T21:48:46 NZST" name="afterTest" finished-at="2020-08-02T21:48:54 NZST" duration-ms="7990" status="PASS">
          <reporter-output>
          </reporter-output>
        </test-method> <!-- afterTest -->
        <test-method signature="testAddBank(java.lang.String, java.lang.String, java.lang.String, java.lang.String)[pri:0, instance:xeroTest.BanksFeedTest@79efed2d]" started-at="2020-08-02T21:48:54 NZST" name="testAddBank" data-provider="bankAccounts" finished-at="2020-08-02T21:49:12 NZST" duration-ms="17906" status="FAIL">
          <params>
            <param index="0">
              <value>
                <![CDATA[C Hiremath]]>
              </value>
            </param>
            <param index="1">
              <value>
                <![CDATA[12345678900987654324]]>
              </value>
            </param>
            <param index="2">
              <value>
                <![CDATA[Other]]>
              </value>
            </param>
            <param index="3">
              <value>
                <![CDATA[NZD]]>
              </value>
            </param>
          </params>
          <exception class="org.openqa.selenium.NoSuchElementException">
            <message>
              <![CDATA[no such element: Unable to locate element: {"method":"xpath","selector":"//*[@data-automationid='bankWidget']"}
  (Session info: chrome=84.0.4147.105)
For documentation on this error, please visit: https://www.seleniumhq.org/exceptions/no_such_element.html
Build info: version: '3.141.59', revision: 'e82be7d358', time: '2018-11-14T08:17:03'
System info: host: 'LAPTOP-OOSHD4UL', ip: '192.168.1.75', os.name: 'Windows 10', os.arch: 'amd64', os.version: '10.0', java.version: '14'
Driver info: org.openqa.selenium.chrome.ChromeDriver
Capabilities {acceptInsecureCerts: false, browserName: chrome, browserVersion: 84.0.4147.105, chrome: {chromedriverVersion: 84.0.4147.30 (48b3e868b4cc0..., userDataDir: C:\Users\Myra\AppData\Local...}, goog:chromeOptions: {debuggerAddress: localhost:52468}, javascriptEnabled: true, networkConnectionEnabled: false, pageLoadStrategy: normal, platform: WINDOWS, platformName: WINDOWS, proxy: Proxy(), setWindowRect: true, strictFileInteractability: false, timeouts: {implicit: 0, pageLoad: 300000, script: 30000}, unhandledPromptBehavior: dismiss and notify, webauthn:virtualAuthenticators: true}
Session ID: 3a8f78e9006a7dcef20a04a149708692
*** Element info: {Using=xpath, value=//*[@data-automationid='bankWidget']}]]>
            </message>
            <full-stacktrace>
              <![CDATA[org.openqa.selenium.NoSuchElementException: no such element: Unable to locate element: {"method":"xpath","selector":"//*[@data-automationid='bankWidget']"}
  (Session info: chrome=84.0.4147.105)
For documentation on this error, please visit: https://www.seleniumhq.org/exceptions/no_such_element.html
Build info: version: '3.141.59', revision: 'e82be7d358', time: '2018-11-14T08:17:03'
System info: host: 'LAPTOP-OOSHD4UL', ip: '192.168.1.75', os.name: 'Windows 10', os.arch: 'amd64', os.version: '10.0', java.version: '14'
Driver info: org.openqa.selenium.chrome.ChromeDriver
Capabilities {acceptInsecureCerts: false, browserName: chrome, browserVersion: 84.0.4147.105, chrome: {chromedriverVersion: 84.0.4147.30 (48b3e868b4cc0..., userDataDir: C:\Users\Myra\AppData\Local...}, goog:chromeOptions: {debuggerAddress: localhost:52468}, javascriptEnabled: true, networkConnectionEnabled: false, pageLoadStrategy: normal, platform: WINDOWS, platformName: WINDOWS, proxy: Proxy(), setWindowRect: true, strictFileInteractability: false, timeouts: {implicit: 0, pageLoad: 300000, script: 30000}, unhandledPromptBehavior: dismiss and notify, webauthn:virtualAuthenticators: true}
Session ID: 3a8f78e9006a7dcef20a04a149708692
*** Element info: {Using=xpath, value=//*[@data-automationid='bankWidget']}
at java.base/jdk.internal.reflect.NativeConstructorAccessorImpl.newInstance0(Native Method)
at java.base/jdk.internal.reflect.NativeConstructorAccessorImpl.newInstance(NativeConstructorAccessorImpl.java:62)
at java.base/jdk.internal.reflect.DelegatingConstructorAccessorImpl.newInstance(DelegatingConstructorAccessorImpl.java:45)
at java.base/java.lang.reflect.Constructor.newInstanceWithCaller(Constructor.java:500)
at java.base/java.lang.reflect.Constructor.newInstance(Constructor.java:481)
at org.openqa.selenium.remote.http.W3CHttpResponseCodec.createException(W3CHttpResponseCodec.java:187)
at org.openqa.selenium.remote.http.W3CHttpResponseCodec.decode(W3CHttpResponseCodec.java:122)
at org.openqa.selenium.remote.http.W3CHttpResponseCodec.decode(W3CHttpResponseCodec.java:49)
at org.openqa.selenium.remote.HttpCommandExecutor.execute(HttpCommandExecutor.java:158)
at org.openqa.selenium.remote.service.DriverCommandExecutor.execute(DriverCommandExecutor.java:83)
at org.openqa.selenium.remote.RemoteWebDriver.execute(RemoteWebDriver.java:552)
at org.openqa.selenium.remote.RemoteWebDriver.findElement(RemoteWebDriver.java:323)
at org.openqa.selenium.remote.RemoteWebDriver.findElementByXPath(RemoteWebDriver.java:428)
at org.openqa.selenium.By$ByXPath.findElement(By.java:353)
at org.openqa.selenium.remote.RemoteWebDriver.findElement(RemoteWebDriver.java:315)
at commonFunction.BankAccountMethods.verifyAccountDetailsOnDashboard(BankAccountMethods.java:53)
at xeroTest.BanksFeedTest.testAddBank(BanksFeedTest.java:29)
at java.base/jdk.internal.reflect.NativeMethodAccessorImpl.invoke0(Native Method)
at java.base/jdk.internal.reflect.NativeMethodAccessorImpl.invoke(NativeMethodAccessorImpl.java:62)
at java.base/jdk.internal.reflect.DelegatingMethodAccessorImpl.invoke(DelegatingMethodAccessorImpl.java:43)
at java.base/java.lang.reflect.Method.invoke(Method.java:564)
at org.testng.internal.MethodInvocationHelper.invokeMethod(MethodInvocationHelper.java:134)
at org.testng.internal.TestInvoker.invokeMethod(TestInvoker.java:597)
at org.testng.internal.TestInvoker.invokeTestMethod(TestInvoker.java:173)
at org.testng.internal.MethodRunner.runInSequence(MethodRunner.java:46)
at org.testng.internal.TestInvoker$MethodInvocationAgent.invoke(TestInvoker.java:816)
at org.testng.internal.TestInvoker.invokeTestMethods(TestInvoker.java:146)
at org.testng.internal.TestMethodWorker.invokeTestMethods(TestMethodWorker.java:146)
at org.testng.internal.TestMethodWorker.run(TestMethodWorker.java:128)
at java.base/java.util.ArrayList.forEach(ArrayList.java:1510)
at org.testng.TestRunner.privateRun(TestRunner.java:766)
at org.testng.TestRunner.run(TestRunner.java:587)
at org.testng.SuiteRunner.runTest(SuiteRunner.java:384)
at org.testng.SuiteRunner.runSequentially(SuiteRunner.java:378)
at org.testng.SuiteRunner.privateRun(SuiteRunner.java:337)
at org.testng.SuiteRunner.run(SuiteRunner.java:286)
at org.testng.SuiteRunnerWorker.runSuite(SuiteRunnerWorker.java:53)
at org.testng.SuiteRunnerWorker.run(SuiteRunnerWorker.java:96)
at org.testng.TestNG.runSuitesSequentially(TestNG.java:1187)
at org.testng.TestNG.runSuitesLocally(TestNG.java:1109)
at org.testng.TestNG.runSuites(TestNG.java:1039)
at org.testng.TestNG.run(TestNG.java:1007)
at org.testng.remote.AbstractRemoteTestNG.run(AbstractRemoteTestNG.java:115)
at org.testng.remote.RemoteTestNG.initAndRun(RemoteTestNG.java:251)
at org.testng.remote.RemoteTestNG.main(RemoteTestNG.java:77)
]]>
            </full-stacktrace>
          </exception> <!-- org.openqa.selenium.NoSuchElementException -->
          <reporter-output>
          </reporter-output>
        </test-method> <!-- testAddBank -->
        <test-method is-config="true" signature="afterTest()[pri:0, instance:xeroTest.BanksFeedTest@79efed2d]" started-at="2020-08-02T21:49:12 NZST" name="afterTest" finished-at="2020-08-02T21:49:24 NZST" duration-ms="11709" status="PASS">
          <reporter-output>
          </reporter-output>
        </test-method> <!-- afterTest -->
        <test-method signature="testAddBank(java.lang.String, java.lang.String, java.lang.String, java.lang.String)[pri:0, instance:xeroTest.BanksFeedTest@79efed2d]" started-at="2020-08-02T21:49:24 NZST" name="testAddBank" data-provider="bankAccounts" finished-at="2020-08-02T21:49:36 NZST" duration-ms="12582" status="PASS">
          <params>
            <param index="0">
              <value>
                <![CDATA[D Hiremath]]>
              </value>
            </param>
            <param index="1">
              <value>
                <![CDATA[12345678900987654325]]>
              </value>
            </param>
            <param index="2">
              <value>
                <![CDATA[Term Deposit]]>
              </value>
            </param>
            <param index="3">
              <value>
                <![CDATA[NZD]]>
              </value>
            </param>
          </params>
          <reporter-output>
          </reporter-output>
        </test-method> <!-- testAddBank -->
        <test-method is-config="true" signature="afterTest()[pri:0, instance:xeroTest.BanksFeedTest@79efed2d]" started-at="2020-08-02T21:49:36 NZST" name="afterTest" finished-at="2020-08-02T21:49:44 NZST" duration-ms="7919" status="PASS">
          <reporter-output>
          </reporter-output>
        </test-method> <!-- afterTest -->
        <test-method signature="testAddDuplicateBank(java.lang.String, java.lang.String, java.lang.String, java.lang.String)[pri:0, instance:xeroTest.BanksFeedTest@79efed2d]" started-at="2020-08-02T21:49:44 NZST" name="testAddDuplicateBank" data-provider="bankAccountsDuplicate" finished-at="2020-08-02T21:50:02 NZST" duration-ms="17785" status="PASS">
          <params>
            <param index="0">
              <value>
                <![CDATA[A Hiremath]]>
              </value>
            </param>
            <param index="1">
              <value>
                <![CDATA[12345678900987654322]]>
              </value>
            </param>
            <param index="2">
              <value>
                <![CDATA[Loan]]>
              </value>
            </param>
            <param index="3">
              <value>
                <![CDATA[NZD]]>
              </value>
            </param>
          </params>
          <reporter-output>
          </reporter-output>
        </test-method> <!-- testAddDuplicateBank -->
        <test-method is-config="true" signature="afterTest()[pri:0, instance:xeroTest.BanksFeedTest@79efed2d]" started-at="2020-08-02T21:50:02 NZST" name="afterTest" finished-at="2020-08-02T21:50:12 NZST" duration-ms="9699" status="PASS">
          <reporter-output>
          </reporter-output>
        </test-method> <!-- afterTest -->
        <test-method is-config="true" signature="tearDown()[pri:0, instance:xeroTest.BanksFeedTest@79efed2d]" started-at="2020-08-02T21:50:12 NZST" name="tearDown" finished-at="2020-08-02T21:50:12 NZST" duration-ms="78" status="PASS">
          <reporter-output>
          </reporter-output>
        </test-method> <!-- tearDown -->
        <test-method is-config="true" signature="closeBrowser()[pri:0, instance:xeroTest.BanksFeedTest@79efed2d]" started-at="2020-08-02T21:50:12 NZST" name="closeBrowser" finished-at="2020-08-02T21:50:13 NZST" duration-ms="845" status="PASS">
          <reporter-output>
          </reporter-output>
        </test-method> <!-- closeBrowser -->
      </class> <!-- xeroTest.BanksFeedTest -->
    </test> <!-- Test -->
  </suite> <!-- Suite -->
</testng-results>
