<?xml version="1.0" encoding="UTF-8"?>
<testng-results ignored="0" total="1" passed="1" failed="0" skipped="0">
  <reporter-output>
  </reporter-output>
  <suite started-at="2020-08-02T15:13:58 NZST" name="Default suite" finished-at="2020-08-02T15:13:59 NZST" duration-ms="102">
    <groups>
    </groups>
    <test started-at="2020-08-02T15:13:58 NZST" name="Default test" finished-at="2020-08-02T15:13:59 NZST" duration-ms="102">
      <class name="tests.temptest">
        <test-method signature="test()[pri:0, instance:tests.temptest@23986957]" started-at="2020-08-02T15:13:59 NZST" name="test" finished-at="2020-08-02T15:13:59 NZST" duration-ms="22" status="PASS">
          <reporter-output>
          </reporter-output>
        </test-method> <!-- test -->
      </class> <!-- tests.temptest -->
    </test> <!-- Default test -->
  </suite> <!-- Default suite -->
</testng-results>
